 
Creating outgoing HTTP rule... 
The requested operation requires elevation (Run as administrator).

Creating outgoing HTTPS rule... 
The requested operation requires elevation (Run as administrator).

Outgoing HTTP and HTTPS connections are now blocked. 
Creating outgoing HTTP rule... 
The requested operation requires elevation (Run as administrator).

Creating outgoing HTTPS rule... 
The requested operation requires elevation (Run as administrator).

Outgoing HTTP and HTTPS connections are now blocked. 
Outgoing HTTP rule does not exist. 
Outgoing HTTPS rule does not exist. 
Outgoing HTTP and HTTPS connections are now enabled. 
Outgoing HTTP rule does not exist. 
Outgoing HTTPS rule does not exist. 
Outgoing HTTP and HTTPS connections are now enabled. 
Creating outgoing HTTP rule... 
The requested operation requires elevation (Run as administrator).

Creating outgoing HTTPS rule... 
The requested operation requires elevation (Run as administrator).

Outgoing HTTP and HTTPS connections are now blocked. 
Creating outgoing HTTP rule... 
The requested operation requires elevation (Run as administrator).

Creating outgoing HTTPS rule... 
The requested operation requires elevation (Run as administrator).

Outgoing HTTP and HTTPS connections are now blocked. 
Creating outgoing HTTP rule... 
The requested operation requires elevation (Run as administrator).

Creating outgoing HTTPS rule... 
The requested operation requires elevation (Run as administrator).

Outgoing HTTP and HTTPS connections are now blocked. 
Creating outgoing HTTP rule... 
The requested operation requires elevation (Run as administrator).

Creating outgoing HTTPS rule... 
The requested operation requires elevation (Run as administrator).

Outgoing HTTP and HTTPS connections are now blocked. 
